<?xml version="1.0" encoding="UTF-8"?>
<TestRun id="5ea35e7e-1a23-4fe2-a806-decb7dce3986" name="Ben@MNLT01 2021-10-23 12:32:46" runUser="MNLT01\Ben" xmlns="http://microsoft.com/schemas/VisualStudio/TeamTest/2010">
  <TestSettings name="Local" id="d7666845-e20b-458b-9ef1-3792ed372ed8">
    <Description>These are default test settings for a local test run.</Description>
    <Deployment enabled="false" runDeploymentRoot="Ben_MNLT01 2021-10-23 12_32_46">
      <DeploymentItem filename="D:\Benedict\Documents\SchoolWork\Projects\GraphPictures\Solution\FromBravoSession0\GraphPicturesLibrary\bin\Debug\GraphPictures.Library.dll" />
    </Deployment>
    <Execution>
      <TestTypeSpecific />
      <AgentRule name="Execution Agents">
      </AgentRule>
    </Execution>
  </TestSettings>
  <Times creation="2021-10-23T12:32:46.4387661+01:00" queuing="2021-10-23T12:32:46.6103664+01:00" start="2021-10-23T12:32:46.6415664+01:00" finish="2021-10-23T12:32:47.2031674+01:00" />
  <ResultSummary outcome="Inconclusive">
    <Counters total="1" executed="1" error="0" failed="0" timeout="0" aborted="0" inconclusive="1" passedButRunAborted="0" notRunnable="0" notExecuted="0" disconnected="0" warning="0" passed="0" completed="0" inProgress="0" pending="0" />
    <RunInfos>
      <RunInfo computerName="MNLT01" outcome="Warning" timestamp="2021-10-23T12:32:46.4543661+01:00">
        <Text>Deployment is currently disabled. The deployment item 'GraphPictures.Library.dll' on test 'GraphPicturesUnitTests.BezierObjectsTests.WithAllPointsIncrementedTest' was not deployed.</Text>
      </RunInfo>
    </RunInfos>
  </ResultSummary>
  <TestDefinitions>
    <UnitTest name="WithAllPointsIncrementedTest" storage="d:\benedict\documents\schoolwork\projects\graphpictures\solution\frombravosession0\graphpicturesunittests\bin\debug\graphpicturesunittests.dll" id="7bd9d045-1544-3d9f-6ad5-872405865fb4">
      <DeploymentItems>
        <DeploymentItem filename="GraphPictures.Library.dll" />
      </DeploymentItems>
      <Execution id="cb87ad3e-7110-45d2-9a26-2e536e9a8288" />
      <TestMethod codeBase="D:/Benedict/Documents/SchoolWork/Projects/GraphPictures/Solution/FromBravoSession0/GraphPicturesUnitTests/bin/Debug/GraphPicturesUnitTests.DLL" adapterTypeName="Microsoft.VisualStudio.TestTools.TestTypes.Unit.UnitTestAdapter, Microsoft.VisualStudio.QualityTools.Tips.UnitTest.Adapter, Version=10.0.0.0, Culture=neutral, PublicKeyToken=b03f5f7f11d50a3a" className="GraphPicturesUnitTests.BezierObjectsTests, GraphPicturesUnitTests, Version=1.0.0.0, Culture=neutral, PublicKeyToken=null" name="WithAllPointsIncrementedTest" />
    </UnitTest>
  </TestDefinitions>
  <TestLists>
    <TestList name="Results Not in a List" id="8c84fa94-04c1-424b-9868-57a2d4851a1d" />
    <TestList name="All Loaded Results" id="19431567-8539-422a-85d7-44ee4e166bda" />
  </TestLists>
  <TestEntries>
    <TestEntry testId="7bd9d045-1544-3d9f-6ad5-872405865fb4" executionId="cb87ad3e-7110-45d2-9a26-2e536e9a8288" testListId="8c84fa94-04c1-424b-9868-57a2d4851a1d" />
  </TestEntries>
  <Results>
    <UnitTestResult executionId="cb87ad3e-7110-45d2-9a26-2e536e9a8288" testId="7bd9d045-1544-3d9f-6ad5-872405865fb4" testName="WithAllPointsIncrementedTest" computerName="MNLT01" duration="00:00:00.0251652" startTime="2021-10-23T12:32:46.7819667+01:00" endTime="2021-10-23T12:32:47.1251673+01:00" testType="13cdc9d9-ddb5-4fa4-a97d-d965ccfc6d4b" outcome="Inconclusive" testListId="8c84fa94-04c1-424b-9868-57a2d4851a1d" relativeResultsDirectory="cb87ad3e-7110-45d2-9a26-2e536e9a8288">
      <Output>
        <ErrorInfo>
          <Message>Assert.Inconclusive failed. Verify the correctness of this test method.</Message>
          <StackTrace>   at GraphPicturesUnitTests.BezierObjectsTests.WithAllPointsIncrementedTest() in D:\Benedict\Documents\SchoolWork\Projects\GraphPictures\Solution\FromBravoSession0\GraphPicturesUnitTests\BezierObjects.Tests.vb:line 67
</StackTrace>
        </ErrorInfo>
      </Output>
    </UnitTestResult>
  </Results>
</TestRun>